<?xml version="1.0" encoding="UTF-8"?>
<!-- Generated by org.testng.reporters.JUnitXMLReporter -->
<testsuite hostname="DESKTOP-2FSNI8M" ignored="0" name="Default test" tests="11" failures="0" timestamp="20 Jun 2022 13:45:12 GMT" time="0.142" errors="0">
  <testcase name="A1" time="0.023" classname="javaprogrameTest.test"/>
  <testcase name="A2" time="0.004" classname="javaprogrameTest.test"/>
  <testcase name="A3" time="0.004" classname="javaprogrameTest.test"/>
  <testcase name="A4" time="0.004" classname="javaprogrameTest.test"/>
  <testcase name="A5" time="0.003" classname="javaprogrameTest.test"/>
  <testcase name="A6" time="0.01" classname="javaprogrameTest.test"/>
  <testcase name="A7" time="0.004" classname="javaprogrameTest.test"/>
  <testcase name="A8" time="0.002" classname="javaprogrameTest.test"/>
  <testcase name="A9" time="0.002" classname="javaprogrameTest.test"/>
  <testcase name="A10" time="0.002" classname="javaprogrameTest.test"/>
  <testcase name="A11" time="0.002" classname="javaprogrameTest.test"/>
</testsuite> <!-- Default test -->
