<?xml version="1.0" encoding="UTF-8"?>
<testng-results skipped="0" failed="0" ignored="0" total="11" passed="11">
  <reporter-output>
  </reporter-output>
  <suite name="Suite" duration-ms="151" started-at="2022-06-20T19:30:27 IST" finished-at="2022-06-20T19:30:28 IST">
    <groups>
    </groups>
    <test name="Test" duration-ms="151" started-at="2022-06-20T19:30:27 IST" finished-at="2022-06-20T19:30:28 IST">
      <class name="javaprogrameTest.test">
        <test-method status="PASS" signature="A1()[pri:1, instance:javaprogrameTest.test@587d1d39]" name="A1" duration-ms="8" started-at="2022-06-20T19:30:27 IST" finished-at="2022-06-20T19:30:27 IST">
          <reporter-output>
          </reporter-output>
        </test-method> <!-- A1 -->
        <test-method status="PASS" signature="endTest()[pri:0, instance:javaprogrameTest.test@587d1d39]" name="endTest" is-config="true" duration-ms="3" started-at="2022-06-20T19:30:27 IST" finished-at="2022-06-20T19:30:27 IST">
          <reporter-output>
          </reporter-output>
        </test-method> <!-- endTest -->
        <test-method status="PASS" signature="A2()[pri:2, instance:javaprogrameTest.test@587d1d39]" name="A2" duration-ms="0" started-at="2022-06-20T19:30:27 IST" finished-at="2022-06-20T19:30:27 IST">
          <reporter-output>
          </reporter-output>
        </test-method> <!-- A2 -->
        <test-method status="PASS" signature="endTest()[pri:0, instance:javaprogrameTest.test@587d1d39]" name="endTest" is-config="true" duration-ms="0" started-at="2022-06-20T19:30:27 IST" finished-at="2022-06-20T19:30:27 IST">
          <reporter-output>
          </reporter-output>
        </test-method> <!-- endTest -->
        <test-method status="PASS" signature="A3()[pri:3, instance:javaprogrameTest.test@587d1d39]" name="A3" duration-ms="1" started-at="2022-06-20T19:30:27 IST" finished-at="2022-06-20T19:30:27 IST">
          <reporter-output>
          </reporter-output>
        </test-method> <!-- A3 -->
        <test-method status="PASS" signature="endTest()[pri:0, instance:javaprogrameTest.test@587d1d39]" name="endTest" is-config="true" duration-ms="2" started-at="2022-06-20T19:30:27 IST" finished-at="2022-06-20T19:30:27 IST">
          <reporter-output>
          </reporter-output>
        </test-method> <!-- endTest -->
        <test-method status="PASS" signature="A4()[pri:4, instance:javaprogrameTest.test@587d1d39]" name="A4" duration-ms="2" started-at="2022-06-20T19:30:27 IST" finished-at="2022-06-20T19:30:27 IST">
          <reporter-output>
          </reporter-output>
        </test-method> <!-- A4 -->
        <test-method status="PASS" signature="endTest()[pri:0, instance:javaprogrameTest.test@587d1d39]" name="endTest" is-config="true" duration-ms="0" started-at="2022-06-20T19:30:27 IST" finished-at="2022-06-20T19:30:27 IST">
          <reporter-output>
          </reporter-output>
        </test-method> <!-- endTest -->
        <test-method status="PASS" signature="A5()[pri:5, instance:javaprogrameTest.test@587d1d39]" name="A5" duration-ms="4" started-at="2022-06-20T19:30:27 IST" finished-at="2022-06-20T19:30:28 IST">
          <reporter-output>
          </reporter-output>
        </test-method> <!-- A5 -->
        <test-method status="PASS" signature="endTest()[pri:0, instance:javaprogrameTest.test@587d1d39]" name="endTest" is-config="true" duration-ms="1" started-at="2022-06-20T19:30:28 IST" finished-at="2022-06-20T19:30:28 IST">
          <reporter-output>
          </reporter-output>
        </test-method> <!-- endTest -->
        <test-method status="PASS" signature="A6()[pri:6, instance:javaprogrameTest.test@587d1d39]" name="A6" duration-ms="1" started-at="2022-06-20T19:30:28 IST" finished-at="2022-06-20T19:30:28 IST">
          <reporter-output>
          </reporter-output>
        </test-method> <!-- A6 -->
        <test-method status="PASS" signature="endTest()[pri:0, instance:javaprogrameTest.test@587d1d39]" name="endTest" is-config="true" duration-ms="1" started-at="2022-06-20T19:30:28 IST" finished-at="2022-06-20T19:30:28 IST">
          <reporter-output>
          </reporter-output>
        </test-method> <!-- endTest -->
        <test-method status="PASS" signature="A7()[pri:7, instance:javaprogrameTest.test@587d1d39]" name="A7" duration-ms="1" started-at="2022-06-20T19:30:28 IST" finished-at="2022-06-20T19:30:28 IST">
          <reporter-output>
          </reporter-output>
        </test-method> <!-- A7 -->
        <test-method status="PASS" signature="endTest()[pri:0, instance:javaprogrameTest.test@587d1d39]" name="endTest" is-config="true" duration-ms="0" started-at="2022-06-20T19:30:28 IST" finished-at="2022-06-20T19:30:28 IST">
          <reporter-output>
          </reporter-output>
        </test-method> <!-- endTest -->
        <test-method status="PASS" signature="A8()[pri:8, instance:javaprogrameTest.test@587d1d39]" name="A8" duration-ms="1" started-at="2022-06-20T19:30:28 IST" finished-at="2022-06-20T19:30:28 IST">
          <reporter-output>
          </reporter-output>
        </test-method> <!-- A8 -->
        <test-method status="PASS" signature="endTest()[pri:0, instance:javaprogrameTest.test@587d1d39]" name="endTest" is-config="true" duration-ms="1" started-at="2022-06-20T19:30:28 IST" finished-at="2022-06-20T19:30:28 IST">
          <reporter-output>
          </reporter-output>
        </test-method> <!-- endTest -->
        <test-method status="PASS" signature="A9()[pri:9, instance:javaprogrameTest.test@587d1d39]" name="A9" duration-ms="2" started-at="2022-06-20T19:30:28 IST" finished-at="2022-06-20T19:30:28 IST">
          <reporter-output>
          </reporter-output>
        </test-method> <!-- A9 -->
        <test-method status="PASS" signature="endTest()[pri:0, instance:javaprogrameTest.test@587d1d39]" name="endTest" is-config="true" duration-ms="1" started-at="2022-06-20T19:30:28 IST" finished-at="2022-06-20T19:30:28 IST">
          <reporter-output>
          </reporter-output>
        </test-method> <!-- endTest -->
        <test-method status="PASS" signature="A10()[pri:10, instance:javaprogrameTest.test@587d1d39]" name="A10" duration-ms="1" started-at="2022-06-20T19:30:28 IST" finished-at="2022-06-20T19:30:28 IST">
          <reporter-output>
          </reporter-output>
        </test-method> <!-- A10 -->
        <test-method status="PASS" signature="endTest()[pri:0, instance:javaprogrameTest.test@587d1d39]" name="endTest" is-config="true" duration-ms="0" started-at="2022-06-20T19:30:28 IST" finished-at="2022-06-20T19:30:28 IST">
          <reporter-output>
          </reporter-output>
        </test-method> <!-- endTest -->
        <test-method status="PASS" signature="A11()[pri:11, instance:javaprogrameTest.test@587d1d39]" name="A11" duration-ms="1" started-at="2022-06-20T19:30:28 IST" finished-at="2022-06-20T19:30:28 IST">
          <reporter-output>
          </reporter-output>
        </test-method> <!-- A11 -->
        <test-method status="PASS" signature="endTest()[pri:0, instance:javaprogrameTest.test@587d1d39]" name="endTest" is-config="true" duration-ms="2" started-at="2022-06-20T19:30:28 IST" finished-at="2022-06-20T19:30:28 IST">
          <reporter-output>
          </reporter-output>
        </test-method> <!-- endTest -->
      </class> <!-- javaprogrameTest.test -->
    </test> <!-- Test -->
  </suite> <!-- Suite -->
</testng-results>
