<?xml version="1.0" encoding="UTF-8"?>
<testsuite xmlns:xsi="http://www.w3.org/2001/XMLSchema-instance" xsi:noNamespaceSchemaLocation="https://maven.apache.org/surefire/maven-surefire-plugin/xsd/surefire-test-report-3.0.xsd" version="3.0" name="TestSuite" time="1.235" tests="11" errors="0" skipped="0" failures="0">
  <properties>
[...]
</properties>
  <testcase name="A1" classname="javaprogrameTest.test" time="0.041">
    <system-out><![CDATA[11
21
32
53
85
138
223
361
584
945
]]></system-out>
    <system-err><![CDATA[SLF4J: Failed to load class "org.slf4j.impl.StaticLoggerBinder".
SLF4J: Defaulting to no-operation (NOP) logger implementation
SLF4J: See http://www.slf4j.org/codes.html#StaticLoggerBinder for further details.
]]></system-err>
  </testcase>
  <testcase name="A2" classname="javaprogrameTest.test" time="0.001">
    <system-out><![CDATA[---------
5040
]]></system-out>
  </testcase>
  <testcase name="A3" classname="javaprogrameTest.test" time="0.012">
    <system-out><![CDATA[---------
Smallest element of the array is ::    15
2nd Smallest element of the array is ::25
3rd Smallest element of the array is ::57
3rd largest element of the array is :: 96
2nd largest element of the array is :: 100
largest element of the array is ::     200
]]></system-out>
  </testcase>
  <testcase name="A4" classname="javaprogrameTest.test" time="0.009">
    <system-out><![CDATA[---------
1
5
]]></system-out>
  </testcase>
  <testcase name="A5" classname="javaprogrameTest.test" time="0.01">
    <system-out><![CDATA[---------
character value is A
integer value is 2244
String value is selenium
character value is Z
integer value is 345
]]></system-out>
  </testcase>
  <testcase name="A6" classname="javaprogrameTest.test" time="0.044">
    <system-out><![CDATA[---------
2
3
5
7
11
13
17
19
23
29
31
37
41
43
47
53
59
61
67
71
73
79
83
89
97
]]></system-out>
  </testcase>
  <testcase name="A7" classname="javaprogrameTest.test" time="0.012">
    <system-out><![CDATA[---------
l
l
o
!
4
]]></system-out>
  </testcase>
  <testcase name="A8" classname="javaprogrameTest.test" time="0.004">
    <system-out><![CDATA[---------
121234
googlegmailcom
^.$_@.
]]></system-out>
  </testcase>
  <testcase name="A9" classname="javaprogrameTest.test" time="0.009">
    <system-out><![CDATA[---------
6
abcdcba 
4
12321 
6
213]]></system-out>
  </testcase>
  <testcase name="A10" classname="javaprogrameTest.test" time="0.005">
    <system-out><![CDATA[---------
9
emangnirts]]></system-out>
  </testcase>
  <testcase name="A11" classname="javaprogrameTest.test" time="0.017">
    <system-out><![CDATA[---------
11
21
32
53
85
138
223
361
584
945
]]></system-out>
  </testcase>
</testsuite>